2017-10-18 15:39:22.504  INFO 6128 --- [main] de.codecentric.Application               : Starting Application on BE1XB078 with PID 6128 (C:\Users\A48249421\Downloads\PortableGit\scrum\2017-10-18-A\worblehat-web\target\classes started by A48249421 in C:\Users\A48249421\Downloads\PortableGit\scrum\2017-10-18-A\worblehat-web)
2017-10-18 15:39:22.509 DEBUG 6128 --- [main] de.codecentric.Application               : Running with Spring Boot v1.3.1.RELEASE, Spring v4.2.4.RELEASE
2017-10-18 15:39:22.510  INFO 6128 --- [main] de.codecentric.Application               : No active profile set, falling back to default profiles: default
2017-10-18 15:39:22.906  INFO 6128 --- [main] ationConfigEmbeddedWebApplicationContext : Refreshing org.springframework.boot.context.embedded.AnnotationConfigEmbeddedWebApplicationContext@48e92c5c: startup date [Wed Oct 18 15:39:22 CEST 2017]; root of context hierarchy
2017-10-18 15:39:24.497  INFO 6128 --- [main] o.s.b.f.s.DefaultListableBeanFactory     : Overriding bean definition for bean 'beanNameViewResolver' with a different definition: replacing [Root bean: class [null]; scope=; abstract=false; lazyInit=false; autowireMode=3; dependencyCheck=0; autowireCandidate=true; primary=false; factoryBeanName=org.springframework.boot.autoconfigure.web.ErrorMvcAutoConfiguration$WhitelabelErrorViewConfiguration; factoryMethodName=beanNameViewResolver; initMethodName=null; destroyMethodName=(inferred); defined in class path resource [org/springframework/boot/autoconfigure/web/ErrorMvcAutoConfiguration$WhitelabelErrorViewConfiguration.class]] with [Root bean: class [null]; scope=; abstract=false; lazyInit=false; autowireMode=3; dependencyCheck=0; autowireCandidate=true; primary=false; factoryBeanName=org.springframework.boot.autoconfigure.web.WebMvcAutoConfiguration$WebMvcAutoConfigurationAdapter; factoryMethodName=beanNameViewResolver; initMethodName=null; destroyMethodName=(inferred); defined in class path resource [org/springframework/boot/autoconfigure/web/WebMvcAutoConfiguration$WebMvcAutoConfigurationAdapter.class]]
2017-10-18 15:39:25.208  INFO 6128 --- [main] trationDelegate$BeanPostProcessorChecker : Bean 'org.springframework.transaction.annotation.ProxyTransactionManagementConfiguration' of type [class org.springframework.transaction.annotation.ProxyTransactionManagementConfiguration$$EnhancerBySpringCGLIB$$bea0cac7] is not eligible for getting processed by all BeanPostProcessors (for example: not eligible for auto-proxying)
2017-10-18 15:39:25.952  INFO 6128 --- [main] s.b.c.e.t.TomcatEmbeddedServletContainer : Tomcat initialized with port(s): 8080 (http)
2017-10-18 15:39:25.970  INFO 6128 --- [main] o.apache.catalina.core.StandardService   : Starting service Tomcat
2017-10-18 15:39:25.972  INFO 6128 --- [main] org.apache.catalina.core.StandardEngine  : Starting Servlet Engine: Apache Tomcat/8.0.30
2017-10-18 15:39:26.174  INFO 6128 --- [localhost-startStop-1] o.a.c.c.C.[.[localhost].[/worblehat]     : Initializing Spring embedded WebApplicationContext
2017-10-18 15:39:26.174  INFO 6128 --- [localhost-startStop-1] o.s.web.context.ContextLoader            : Root WebApplicationContext: initialization completed in 3273 ms
2017-10-18 15:39:26.589  INFO 6128 --- [localhost-startStop-1] o.s.b.c.e.ServletRegistrationBean        : Mapping servlet: 'dispatcherServlet' to [/]
2017-10-18 15:39:26.596  INFO 6128 --- [localhost-startStop-1] o.s.b.c.embedded.FilterRegistrationBean  : Mapping filter: 'characterEncodingFilter' to: [/*]
2017-10-18 15:39:26.597  INFO 6128 --- [localhost-startStop-1] o.s.b.c.embedded.FilterRegistrationBean  : Mapping filter: 'hiddenHttpMethodFilter' to: [/*]
2017-10-18 15:39:26.597  INFO 6128 --- [localhost-startStop-1] o.s.b.c.embedded.FilterRegistrationBean  : Mapping filter: 'httpPutFormContentFilter' to: [/*]
2017-10-18 15:39:26.597  INFO 6128 --- [localhost-startStop-1] o.s.b.c.embedded.FilterRegistrationBean  : Mapping filter: 'requestContextFilter' to: [/*]
2017-10-18 15:39:29.131  INFO 6128 --- [main] j.LocalContainerEntityManagerFactoryBean : Building JPA container EntityManagerFactory for persistence unit 'default'
2017-10-18 15:39:29.151  INFO 6128 --- [main] o.hibernate.jpa.internal.util.LogHelper  : HHH000204: Processing PersistenceUnitInfo [
	name: default
	...]
2017-10-18 15:39:29.291  INFO 6128 --- [main] org.hibernate.Version                    : HHH000412: Hibernate Core {4.3.11.Final}
2017-10-18 15:39:29.294  INFO 6128 --- [main] org.hibernate.cfg.Environment            : HHH000206: hibernate.properties not found
2017-10-18 15:39:29.298  INFO 6128 --- [main] org.hibernate.cfg.Environment            : HHH000021: Bytecode provider name : javassist
2017-10-18 15:39:30.137  INFO 6128 --- [main] o.hibernate.annotations.common.Version   : HCANN000001: Hibernate Commons Annotations {4.0.5.Final}
2017-10-18 15:39:30.273  INFO 6128 --- [main] org.hibernate.dialect.Dialect            : HHH000400: Using dialect: org.hibernate.dialect.MySQL5Dialect
2017-10-18 15:39:30.442  INFO 6128 --- [main] o.h.h.i.ast.ASTQueryTranslatorFactory    : HHH000397: Using ASTQueryTranslatorFactory
2017-10-18 15:39:30.980  INFO 6128 --- [main] o.h.tool.hbm2ddl.SchemaValidator         : HHH000229: Running schema validator
2017-10-18 15:39:30.981  INFO 6128 --- [main] o.h.tool.hbm2ddl.SchemaValidator         : HHH000102: Fetching database metadata
2017-10-18 15:39:30.999  INFO 6128 --- [main] o.hibernate.tool.hbm2ddl.TableMetadata   : HHH000261: Table found: worblehat_test.book
2017-10-18 15:39:30.999  INFO 6128 --- [main] o.hibernate.tool.hbm2ddl.TableMetadata   : HHH000037: Columns: [author, isbn, edition, id, title, year_of_publication]
2017-10-18 15:39:31.027  INFO 6128 --- [main] o.hibernate.tool.hbm2ddl.TableMetadata   : HHH000261: Table found: worblehat_test.borrowing
2017-10-18 15:39:31.028  INFO 6128 --- [main] o.hibernate.tool.hbm2ddl.TableMetadata   : HHH000037: Columns: [borrow_date, borrower_email_address, borrowed_book_id, id]
2017-10-18 15:39:31.973  INFO 6128 --- [main] s.w.s.m.m.a.RequestMappingHandlerAdapter : Looking for @ControllerAdvice: org.springframework.boot.context.embedded.AnnotationConfigEmbeddedWebApplicationContext@48e92c5c: startup date [Wed Oct 18 15:39:22 CEST 2017]; root of context hierarchy
2017-10-18 15:39:32.071  INFO 6128 --- [main] s.w.s.m.m.a.RequestMappingHandlerMapping : Mapped "{[/bookList],methods=[GET]}" onto public java.lang.String de.codecentric.psd.worblehat.web.controller.BookListController.setupForm(org.springframework.ui.ModelMap)
2017-10-18 15:39:32.074  INFO 6128 --- [main] s.w.s.m.m.a.RequestMappingHandlerMapping : Mapped "{[/borrow],methods=[GET]}" onto public void de.codecentric.psd.worblehat.web.controller.BorrowBookController.setupForm(org.springframework.ui.ModelMap)
2017-10-18 15:39:32.075  INFO 6128 --- [main] s.w.s.m.m.a.RequestMappingHandlerMapping : Mapped "{[/borrow],methods=[POST]}" onto public java.lang.String de.codecentric.psd.worblehat.web.controller.BorrowBookController.processSubmit(de.codecentric.psd.worblehat.web.formdata.BookBorrowFormData,org.springframework.validation.BindingResult)
2017-10-18 15:39:32.077  INFO 6128 --- [main] s.w.s.m.m.a.RequestMappingHandlerMapping : Mapped "{[/insertBooks],methods=[GET]}" onto public void de.codecentric.psd.worblehat.web.controller.InsertBookController.setupForm(org.springframework.ui.ModelMap)
2017-10-18 15:39:32.078  INFO 6128 --- [main] s.w.s.m.m.a.RequestMappingHandlerMapping : Mapped "{[/insertBooks],methods=[POST]}" onto public java.lang.String de.codecentric.psd.worblehat.web.controller.InsertBookController.processSubmit(de.codecentric.psd.worblehat.web.formdata.BookDataFormData,org.springframework.validation.BindingResult)
2017-10-18 15:39:32.078  INFO 6128 --- [main] s.w.s.m.m.a.RequestMappingHandlerMapping : Mapped "{[/],methods=[GET]}" onto public java.lang.String de.codecentric.psd.worblehat.web.controller.NavigationController.home()
2017-10-18 15:39:32.080  INFO 6128 --- [main] s.w.s.m.m.a.RequestMappingHandlerMapping : Mapped "{[/returnAllBooks],methods=[POST]}" onto public java.lang.String de.codecentric.psd.worblehat.web.controller.ReturnAllBooksController.returnAllBooks(de.codecentric.psd.worblehat.web.formdata.ReturnAllBooksFormData,org.springframework.validation.BindingResult)
2017-10-18 15:39:32.080  INFO 6128 --- [main] s.w.s.m.m.a.RequestMappingHandlerMapping : Mapped "{[/returnAllBooks],methods=[GET]}" onto public void de.codecentric.psd.worblehat.web.controller.ReturnAllBooksController.prepareView(org.springframework.ui.ModelMap)
2017-10-18 15:39:32.084  INFO 6128 --- [main] s.w.s.m.m.a.RequestMappingHandlerMapping : Mapped "{[/error]}" onto public org.springframework.http.ResponseEntity<java.util.Map<java.lang.String, java.lang.Object>> org.springframework.boot.autoconfigure.web.BasicErrorController.error(javax.servlet.http.HttpServletRequest)
2017-10-18 15:39:32.085  INFO 6128 --- [main] s.w.s.m.m.a.RequestMappingHandlerMapping : Mapped "{[/error],produces=[text/html]}" onto public org.springframework.web.servlet.ModelAndView org.springframework.boot.autoconfigure.web.BasicErrorController.errorHtml(javax.servlet.http.HttpServletRequest,javax.servlet.http.HttpServletResponse)
2017-10-18 15:39:32.120  INFO 6128 --- [main] o.s.w.s.handler.SimpleUrlHandlerMapping  : Mapped URL path [/webjars/**] onto handler of type [class org.springframework.web.servlet.resource.ResourceHttpRequestHandler]
2017-10-18 15:39:32.120  INFO 6128 --- [main] o.s.w.s.handler.SimpleUrlHandlerMapping  : Mapped URL path [/**] onto handler of type [class org.springframework.web.servlet.resource.ResourceHttpRequestHandler]
2017-10-18 15:39:32.166  INFO 6128 --- [main] o.s.w.s.handler.SimpleUrlHandlerMapping  : Mapped URL path [/**/favicon.ico] onto handler of type [class org.springframework.web.servlet.resource.ResourceHttpRequestHandler]
2017-10-18 15:39:32.868  INFO 6128 --- [main] o.s.j.e.a.AnnotationMBeanExporter        : Registering beans for JMX exposure on startup
2017-10-18 15:39:33.253  INFO 6128 --- [main] s.b.c.e.t.TomcatEmbeddedServletContainer : Tomcat started on port(s): 8080 (http)
2017-10-18 15:39:33.259  INFO 6128 --- [main] d.c.psd.worblehat.web.StartupMonitor     : Used profiles:
2017-10-18 15:39:33.260  INFO 6128 --- [main] d.c.psd.worblehat.web.StartupMonitor     : spring.datasource.url jdbc:mysql://localhost:3306/worblehat_test
2017-10-18 15:39:33.260  INFO 6128 --- [main] d.c.psd.worblehat.web.StartupMonitor     : spring.datasource.username worblehat
2017-10-18 15:39:33.261  INFO 6128 --- [main] d.c.psd.worblehat.web.StartupMonitor     : spring.datasource.password worblehat
2017-10-18 15:39:33.261  INFO 6128 --- [main] d.c.psd.worblehat.web.StartupMonitor     : spring.datasource.driver-class-name com.mysql.jdbc.Driver
2017-10-18 15:39:33.261  INFO 6128 --- [main] d.c.psd.worblehat.web.StartupMonitor     : server.context-path /worblehat
2017-10-18 15:39:33.261  INFO 6128 --- [main] d.c.psd.worblehat.web.StartupMonitor     : info.stage test
2017-10-18 15:39:33.261  INFO 6128 --- [main] d.c.psd.worblehat.web.StartupMonitor     : logging.file ./tmp/worblehat-web.log
2017-10-18 15:39:33.261  INFO 6128 --- [main] d.c.psd.worblehat.web.StartupMonitor     : liquibase.change-log classpath:master.xml
2017-10-18 15:39:33.261  INFO 6128 --- [main] d.c.psd.worblehat.web.StartupMonitor     : spring.jpa.hibernate.ddl-auto validate
2017-10-18 15:39:33.262  INFO 6128 --- [main] d.c.psd.worblehat.web.StartupMonitor     : server.port null
2017-10-18 15:39:33.262  INFO 6128 --- [main] de.codecentric.Application               : Started Application in 11.667 seconds (JVM running for 12.38)
2017-10-18 15:39:59.037  INFO 6128 --- [http-nio-8080-exec-1] o.a.c.c.C.[.[localhost].[/worblehat]     : Initializing Spring FrameworkServlet 'dispatcherServlet'
2017-10-18 15:39:59.037  INFO 6128 --- [http-nio-8080-exec-1] o.s.web.servlet.DispatcherServlet        : FrameworkServlet 'dispatcherServlet': initialization started
2017-10-18 15:39:59.058  INFO 6128 --- [http-nio-8080-exec-1] o.s.web.servlet.DispatcherServlet        : FrameworkServlet 'dispatcherServlet': initialization completed in 21 ms
2017-10-19 09:37:37.110  INFO 7484 --- [main] de.codecentric.Application               : Starting Application on BE1XB078 with PID 7484 (C:\Users\A48249421\Downloads\PortableGit\scrum\2017-10-18-A\worblehat-web\target\classes started by A48249421 in C:\Users\A48249421\Downloads\PortableGit\scrum\2017-10-18-A\worblehat-web)
2017-10-19 09:37:37.114 DEBUG 7484 --- [main] de.codecentric.Application               : Running with Spring Boot v1.3.1.RELEASE, Spring v4.2.4.RELEASE
2017-10-19 09:37:37.115  INFO 7484 --- [main] de.codecentric.Application               : No active profile set, falling back to default profiles: default
2017-10-19 09:37:37.500  INFO 7484 --- [main] ationConfigEmbeddedWebApplicationContext : Refreshing org.springframework.boot.context.embedded.AnnotationConfigEmbeddedWebApplicationContext@48e92c5c: startup date [Thu Oct 19 09:37:37 CEST 2017]; root of context hierarchy
2017-10-19 09:37:39.317  INFO 7484 --- [main] o.s.b.f.s.DefaultListableBeanFactory     : Overriding bean definition for bean 'beanNameViewResolver' with a different definition: replacing [Root bean: class [null]; scope=; abstract=false; lazyInit=false; autowireMode=3; dependencyCheck=0; autowireCandidate=true; primary=false; factoryBeanName=org.springframework.boot.autoconfigure.web.ErrorMvcAutoConfiguration$WhitelabelErrorViewConfiguration; factoryMethodName=beanNameViewResolver; initMethodName=null; destroyMethodName=(inferred); defined in class path resource [org/springframework/boot/autoconfigure/web/ErrorMvcAutoConfiguration$WhitelabelErrorViewConfiguration.class]] with [Root bean: class [null]; scope=; abstract=false; lazyInit=false; autowireMode=3; dependencyCheck=0; autowireCandidate=true; primary=false; factoryBeanName=org.springframework.boot.autoconfigure.web.WebMvcAutoConfiguration$WebMvcAutoConfigurationAdapter; factoryMethodName=beanNameViewResolver; initMethodName=null; destroyMethodName=(inferred); defined in class path resource [org/springframework/boot/autoconfigure/web/WebMvcAutoConfiguration$WebMvcAutoConfigurationAdapter.class]]
2017-10-19 09:37:39.901  INFO 7484 --- [main] trationDelegate$BeanPostProcessorChecker : Bean 'org.springframework.transaction.annotation.ProxyTransactionManagementConfiguration' of type [class org.springframework.transaction.annotation.ProxyTransactionManagementConfiguration$$EnhancerBySpringCGLIB$$bea0cac7] is not eligible for getting processed by all BeanPostProcessors (for example: not eligible for auto-proxying)
2017-10-19 09:37:41.558  INFO 7484 --- [main] s.b.c.e.t.TomcatEmbeddedServletContainer : Tomcat initialized with port(s): 8080 (http)
2017-10-19 09:37:41.576  INFO 7484 --- [main] o.apache.catalina.core.StandardService   : Starting service Tomcat
2017-10-19 09:37:41.577  INFO 7484 --- [main] org.apache.catalina.core.StandardEngine  : Starting Servlet Engine: Apache Tomcat/8.0.30
2017-10-19 09:37:41.729  INFO 7484 --- [localhost-startStop-1] o.a.c.c.C.[.[localhost].[/worblehat]     : Initializing Spring embedded WebApplicationContext
2017-10-19 09:37:41.729  INFO 7484 --- [localhost-startStop-1] o.s.web.context.ContextLoader            : Root WebApplicationContext: initialization completed in 4233 ms
2017-10-19 09:37:42.122  INFO 7484 --- [localhost-startStop-1] o.s.b.c.e.ServletRegistrationBean        : Mapping servlet: 'dispatcherServlet' to [/]
2017-10-19 09:37:42.127  INFO 7484 --- [localhost-startStop-1] o.s.b.c.embedded.FilterRegistrationBean  : Mapping filter: 'characterEncodingFilter' to: [/*]
2017-10-19 09:37:42.128  INFO 7484 --- [localhost-startStop-1] o.s.b.c.embedded.FilterRegistrationBean  : Mapping filter: 'hiddenHttpMethodFilter' to: [/*]
2017-10-19 09:37:42.128  INFO 7484 --- [localhost-startStop-1] o.s.b.c.embedded.FilterRegistrationBean  : Mapping filter: 'httpPutFormContentFilter' to: [/*]
2017-10-19 09:37:42.129  INFO 7484 --- [localhost-startStop-1] o.s.b.c.embedded.FilterRegistrationBean  : Mapping filter: 'requestContextFilter' to: [/*]
2017-10-19 09:37:43.033 ERROR 7484 --- [main] o.a.tomcat.jdbc.pool.ConnectionPool      : Unable to create initial connections of pool.

java.sql.SQLException: Access denied for user 'worblehat'@'localhost' (using password: YES)
	at com.mysql.jdbc.SQLError.createSQLException(SQLError.java:998) ~[mysql-connector-java-5.1.36.jar:5.1.36]
	at com.mysql.jdbc.MysqlIO.checkErrorPacket(MysqlIO.java:3847) ~[mysql-connector-java-5.1.36.jar:5.1.36]
	at com.mysql.jdbc.MysqlIO.checkErrorPacket(MysqlIO.java:3783) ~[mysql-connector-java-5.1.36.jar:5.1.36]
	at com.mysql.jdbc.MysqlIO.checkErrorPacket(MysqlIO.java:871) ~[mysql-connector-java-5.1.36.jar:5.1.36]
	at com.mysql.jdbc.MysqlIO.proceedHandshakeWithPluggableAuthentication(MysqlIO.java:1665) ~[mysql-connector-java-5.1.36.jar:5.1.36]
	at com.mysql.jdbc.MysqlIO.doHandshake(MysqlIO.java:1207) ~[mysql-connector-java-5.1.36.jar:5.1.36]
	at com.mysql.jdbc.ConnectionImpl.coreConnect(ConnectionImpl.java:2249) ~[mysql-connector-java-5.1.36.jar:5.1.36]
	at com.mysql.jdbc.ConnectionImpl.connectOneTryOnly(ConnectionImpl.java:2280) ~[mysql-connector-java-5.1.36.jar:5.1.36]
	at com.mysql.jdbc.ConnectionImpl.createNewIO(ConnectionImpl.java:2079) ~[mysql-connector-java-5.1.36.jar:5.1.36]
	at com.mysql.jdbc.ConnectionImpl.<init>(ConnectionImpl.java:794) ~[mysql-connector-java-5.1.36.jar:5.1.36]
	at com.mysql.jdbc.JDBC4Connection.<init>(JDBC4Connection.java:44) ~[mysql-connector-java-5.1.36.jar:5.1.36]
	at sun.reflect.NativeConstructorAccessorImpl.newInstance0(Native Method) ~[na:1.8.0_144]
	at sun.reflect.NativeConstructorAccessorImpl.newInstance(NativeConstructorAccessorImpl.java:62) ~[na:1.8.0_144]
	at sun.reflect.DelegatingConstructorAccessorImpl.newInstance(DelegatingConstructorAccessorImpl.java:45) ~[na:1.8.0_144]
	at java.lang.reflect.Constructor.newInstance(Constructor.java:423) ~[na:1.8.0_144]
	at com.mysql.jdbc.Util.handleNewInstance(Util.java:400) ~[mysql-connector-java-5.1.36.jar:5.1.36]
	at com.mysql.jdbc.ConnectionImpl.getInstance(ConnectionImpl.java:399) ~[mysql-connector-java-5.1.36.jar:5.1.36]
	at com.mysql.jdbc.NonRegisteringDriver.connect(NonRegisteringDriver.java:325) ~[mysql-connector-java-5.1.36.jar:5.1.36]
	at org.apache.tomcat.jdbc.pool.PooledConnection.connectUsingDriver(PooledConnection.java:307) ~[tomcat-jdbc-8.0.30.jar:na]
	at org.apache.tomcat.jdbc.pool.PooledConnection.connect(PooledConnection.java:200) ~[tomcat-jdbc-8.0.30.jar:na]
	at org.apache.tomcat.jdbc.pool.ConnectionPool.createConnection(ConnectionPool.java:708) [tomcat-jdbc-8.0.30.jar:na]
	at org.apache.tomcat.jdbc.pool.ConnectionPool.borrowConnection(ConnectionPool.java:642) [tomcat-jdbc-8.0.30.jar:na]
	at org.apache.tomcat.jdbc.pool.ConnectionPool.init(ConnectionPool.java:464) [tomcat-jdbc-8.0.30.jar:na]
	at org.apache.tomcat.jdbc.pool.ConnectionPool.<init>(ConnectionPool.java:141) [tomcat-jdbc-8.0.30.jar:na]
	at org.apache.tomcat.jdbc.pool.DataSourceProxy.pCreatePool(DataSourceProxy.java:115) [tomcat-jdbc-8.0.30.jar:na]
	at org.apache.tomcat.jdbc.pool.DataSourceProxy.createPool(DataSourceProxy.java:102) [tomcat-jdbc-8.0.30.jar:na]
	at org.apache.tomcat.jdbc.pool.DataSourceProxy.getConnection(DataSourceProxy.java:126) [tomcat-jdbc-8.0.30.jar:na]
	at liquibase.integration.spring.SpringLiquibase.afterPropertiesSet(SpringLiquibase.java:388) [liquibase-core-3.4.2.jar:na]
	at org.springframework.beans.factory.support.AbstractAutowireCapableBeanFactory.invokeInitMethods(AbstractAutowireCapableBeanFactory.java:1637) [spring-beans-4.2.4.RELEASE.jar:4.2.4.RELEASE]
	at org.springframework.beans.factory.support.AbstractAutowireCapableBeanFactory.initializeBean(AbstractAutowireCapableBeanFactory.java:1574) [spring-beans-4.2.4.RELEASE.jar:4.2.4.RELEASE]
	at org.springframework.beans.factory.support.AbstractAutowireCapableBeanFactory.doCreateBean(AbstractAutowireCapableBeanFactory.java:545) [spring-beans-4.2.4.RELEASE.jar:4.2.4.RELEASE]
	at org.springframework.beans.factory.support.AbstractAutowireCapableBeanFactory.createBean(AbstractAutowireCapableBeanFactory.java:482) [spring-beans-4.2.4.RELEASE.jar:4.2.4.RELEASE]
	at org.springframework.beans.factory.support.AbstractBeanFactory$1.getObject(AbstractBeanFactory.java:306) [spring-beans-4.2.4.RELEASE.jar:4.2.4.RELEASE]
	at org.springframework.beans.factory.support.DefaultSingletonBeanRegistry.getSingleton(DefaultSingletonBeanRegistry.java:230) [spring-beans-4.2.4.RELEASE.jar:4.2.4.RELEASE]
	at org.springframework.beans.factory.support.AbstractBeanFactory.doGetBean(AbstractBeanFactory.java:302) [spring-beans-4.2.4.RELEASE.jar:4.2.4.RELEASE]
	at org.springframework.beans.factory.support.AbstractBeanFactory.getBean(AbstractBeanFactory.java:197) [spring-beans-4.2.4.RELEASE.jar:4.2.4.RELEASE]
	at org.springframework.beans.factory.support.AbstractBeanFactory.doGetBean(AbstractBeanFactory.java:296) [spring-beans-4.2.4.RELEASE.jar:4.2.4.RELEASE]
	at org.springframework.beans.factory.support.AbstractBeanFactory.getBean(AbstractBeanFactory.java:197) [spring-beans-4.2.4.RELEASE.jar:4.2.4.RELEASE]
	at org.springframework.context.support.AbstractApplicationContext.getBean(AbstractApplicationContext.java:1054) [spring-context-4.2.4.RELEASE.jar:4.2.4.RELEASE]
	at org.springframework.context.support.AbstractApplicationContext.finishBeanFactoryInitialization(AbstractApplicationContext.java:829) [spring-context-4.2.4.RELEASE.jar:4.2.4.RELEASE]
	at org.springframework.context.support.AbstractApplicationContext.refresh(AbstractApplicationContext.java:538) [spring-context-4.2.4.RELEASE.jar:4.2.4.RELEASE]
	at org.springframework.boot.context.embedded.EmbeddedWebApplicationContext.refresh(EmbeddedWebApplicationContext.java:118) [spring-boot-1.3.1.RELEASE.jar:1.3.1.RELEASE]
	at org.springframework.boot.SpringApplication.refresh(SpringApplication.java:764) [spring-boot-1.3.1.RELEASE.jar:1.3.1.RELEASE]
	at org.springframework.boot.SpringApplication.doRun(SpringApplication.java:357) [spring-boot-1.3.1.RELEASE.jar:1.3.1.RELEASE]
	at org.springframework.boot.SpringApplication.run(SpringApplication.java:305) [spring-boot-1.3.1.RELEASE.jar:1.3.1.RELEASE]
	at org.springframework.boot.SpringApplication.run(SpringApplication.java:1124) [spring-boot-1.3.1.RELEASE.jar:1.3.1.RELEASE]
	at org.springframework.boot.SpringApplication.run(SpringApplication.java:1113) [spring-boot-1.3.1.RELEASE.jar:1.3.1.RELEASE]
	at de.codecentric.Application.main(Application.java:10) [classes/:na]

2017-10-19 09:37:43.038  WARN 7484 --- [main] ationConfigEmbeddedWebApplicationContext : Exception encountered during context initialization - cancelling refresh attempt: org.springframework.beans.factory.BeanCreationException: Error creating bean with name 'liquibase' defined in class path resource [org/springframework/boot/autoconfigure/liquibase/LiquibaseAutoConfiguration$LiquibaseConfiguration.class]: Invocation of init method failed; nested exception is liquibase.exception.DatabaseException: java.sql.SQLException: Access denied for user 'worblehat'@'localhost' (using password: YES)
2017-10-19 09:37:43.054  INFO 7484 --- [main] o.apache.catalina.core.StandardService   : Stopping service Tomcat
2017-10-19 09:37:43.064 ERROR 7484 --- [main] o.s.boot.SpringApplication               : Application startup failed

org.springframework.beans.factory.BeanCreationException: Error creating bean with name 'liquibase' defined in class path resource [org/springframework/boot/autoconfigure/liquibase/LiquibaseAutoConfiguration$LiquibaseConfiguration.class]: Invocation of init method failed; nested exception is liquibase.exception.DatabaseException: java.sql.SQLException: Access denied for user 'worblehat'@'localhost' (using password: YES)
	at org.springframework.beans.factory.support.AbstractAutowireCapableBeanFactory.initializeBean(AbstractAutowireCapableBeanFactory.java:1578) ~[spring-beans-4.2.4.RELEASE.jar:4.2.4.RELEASE]
	at org.springframework.beans.factory.support.AbstractAutowireCapableBeanFactory.doCreateBean(AbstractAutowireCapableBeanFactory.java:545) ~[spring-beans-4.2.4.RELEASE.jar:4.2.4.RELEASE]
	at org.springframework.beans.factory.support.AbstractAutowireCapableBeanFactory.createBean(AbstractAutowireCapableBeanFactory.java:482) ~[spring-beans-4.2.4.RELEASE.jar:4.2.4.RELEASE]
	at org.springframework.beans.factory.support.AbstractBeanFactory$1.getObject(AbstractBeanFactory.java:306) ~[spring-beans-4.2.4.RELEASE.jar:4.2.4.RELEASE]
	at org.springframework.beans.factory.support.DefaultSingletonBeanRegistry.getSingleton(DefaultSingletonBeanRegistry.java:230) ~[spring-beans-4.2.4.RELEASE.jar:4.2.4.RELEASE]
	at org.springframework.beans.factory.support.AbstractBeanFactory.doGetBean(AbstractBeanFactory.java:302) ~[spring-beans-4.2.4.RELEASE.jar:4.2.4.RELEASE]
	at org.springframework.beans.factory.support.AbstractBeanFactory.getBean(AbstractBeanFactory.java:197) ~[spring-beans-4.2.4.RELEASE.jar:4.2.4.RELEASE]
	at org.springframework.beans.factory.support.AbstractBeanFactory.doGetBean(AbstractBeanFactory.java:296) ~[spring-beans-4.2.4.RELEASE.jar:4.2.4.RELEASE]
	at org.springframework.beans.factory.support.AbstractBeanFactory.getBean(AbstractBeanFactory.java:197) ~[spring-beans-4.2.4.RELEASE.jar:4.2.4.RELEASE]
	at org.springframework.context.support.AbstractApplicationContext.getBean(AbstractApplicationContext.java:1054) ~[spring-context-4.2.4.RELEASE.jar:4.2.4.RELEASE]
	at org.springframework.context.support.AbstractApplicationContext.finishBeanFactoryInitialization(AbstractApplicationContext.java:829) ~[spring-context-4.2.4.RELEASE.jar:4.2.4.RELEASE]
	at org.springframework.context.support.AbstractApplicationContext.refresh(AbstractApplicationContext.java:538) ~[spring-context-4.2.4.RELEASE.jar:4.2.4.RELEASE]
	at org.springframework.boot.context.embedded.EmbeddedWebApplicationContext.refresh(EmbeddedWebApplicationContext.java:118) ~[spring-boot-1.3.1.RELEASE.jar:1.3.1.RELEASE]
	at org.springframework.boot.SpringApplication.refresh(SpringApplication.java:764) [spring-boot-1.3.1.RELEASE.jar:1.3.1.RELEASE]
	at org.springframework.boot.SpringApplication.doRun(SpringApplication.java:357) [spring-boot-1.3.1.RELEASE.jar:1.3.1.RELEASE]
	at org.springframework.boot.SpringApplication.run(SpringApplication.java:305) [spring-boot-1.3.1.RELEASE.jar:1.3.1.RELEASE]
	at org.springframework.boot.SpringApplication.run(SpringApplication.java:1124) [spring-boot-1.3.1.RELEASE.jar:1.3.1.RELEASE]
	at org.springframework.boot.SpringApplication.run(SpringApplication.java:1113) [spring-boot-1.3.1.RELEASE.jar:1.3.1.RELEASE]
	at de.codecentric.Application.main(Application.java:10) [classes/:na]
Caused by: liquibase.exception.DatabaseException: java.sql.SQLException: Access denied for user 'worblehat'@'localhost' (using password: YES)
	at liquibase.integration.spring.SpringLiquibase.afterPropertiesSet(SpringLiquibase.java:393) ~[liquibase-core-3.4.2.jar:na]
	at org.springframework.beans.factory.support.AbstractAutowireCapableBeanFactory.invokeInitMethods(AbstractAutowireCapableBeanFactory.java:1637) ~[spring-beans-4.2.4.RELEASE.jar:4.2.4.RELEASE]
	at org.springframework.beans.factory.support.AbstractAutowireCapableBeanFactory.initializeBean(AbstractAutowireCapableBeanFactory.java:1574) ~[spring-beans-4.2.4.RELEASE.jar:4.2.4.RELEASE]
	... 18 common frames omitted
Caused by: java.sql.SQLException: Access denied for user 'worblehat'@'localhost' (using password: YES)
	at com.mysql.jdbc.SQLError.createSQLException(SQLError.java:998) ~[mysql-connector-java-5.1.36.jar:5.1.36]
	at com.mysql.jdbc.MysqlIO.checkErrorPacket(MysqlIO.java:3847) ~[mysql-connector-java-5.1.36.jar:5.1.36]
	at com.mysql.jdbc.MysqlIO.checkErrorPacket(MysqlIO.java:3783) ~[mysql-connector-java-5.1.36.jar:5.1.36]
	at com.mysql.jdbc.MysqlIO.checkErrorPacket(MysqlIO.java:871) ~[mysql-connector-java-5.1.36.jar:5.1.36]
	at com.mysql.jdbc.MysqlIO.proceedHandshakeWithPluggableAuthentication(MysqlIO.java:1665) ~[mysql-connector-java-5.1.36.jar:5.1.36]
	at com.mysql.jdbc.MysqlIO.doHandshake(MysqlIO.java:1207) ~[mysql-connector-java-5.1.36.jar:5.1.36]
	at com.mysql.jdbc.ConnectionImpl.coreConnect(ConnectionImpl.java:2249) ~[mysql-connector-java-5.1.36.jar:5.1.36]
	at com.mysql.jdbc.ConnectionImpl.connectOneTryOnly(ConnectionImpl.java:2280) ~[mysql-connector-java-5.1.36.jar:5.1.36]
	at com.mysql.jdbc.ConnectionImpl.createNewIO(ConnectionImpl.java:2079) ~[mysql-connector-java-5.1.36.jar:5.1.36]
	at com.mysql.jdbc.ConnectionImpl.<init>(ConnectionImpl.java:794) ~[mysql-connector-java-5.1.36.jar:5.1.36]
	at com.mysql.jdbc.JDBC4Connection.<init>(JDBC4Connection.java:44) ~[mysql-connector-java-5.1.36.jar:5.1.36]
	at sun.reflect.NativeConstructorAccessorImpl.newInstance0(Native Method) ~[na:1.8.0_144]
	at sun.reflect.NativeConstructorAccessorImpl.newInstance(NativeConstructorAccessorImpl.java:62) ~[na:1.8.0_144]
	at sun.reflect.DelegatingConstructorAccessorImpl.newInstance(DelegatingConstructorAccessorImpl.java:45) ~[na:1.8.0_144]
	at java.lang.reflect.Constructor.newInstance(Constructor.java:423) ~[na:1.8.0_144]
	at com.mysql.jdbc.Util.handleNewInstance(Util.java:400) ~[mysql-connector-java-5.1.36.jar:5.1.36]
	at com.mysql.jdbc.ConnectionImpl.getInstance(ConnectionImpl.java:399) ~[mysql-connector-java-5.1.36.jar:5.1.36]
	at com.mysql.jdbc.NonRegisteringDriver.connect(NonRegisteringDriver.java:325) ~[mysql-connector-java-5.1.36.jar:5.1.36]
	at org.apache.tomcat.jdbc.pool.PooledConnection.connectUsingDriver(PooledConnection.java:307) ~[tomcat-jdbc-8.0.30.jar:na]
	at org.apache.tomcat.jdbc.pool.PooledConnection.connect(PooledConnection.java:200) ~[tomcat-jdbc-8.0.30.jar:na]
	at org.apache.tomcat.jdbc.pool.ConnectionPool.createConnection(ConnectionPool.java:708) ~[tomcat-jdbc-8.0.30.jar:na]
	at org.apache.tomcat.jdbc.pool.ConnectionPool.borrowConnection(ConnectionPool.java:642) ~[tomcat-jdbc-8.0.30.jar:na]
	at org.apache.tomcat.jdbc.pool.ConnectionPool.init(ConnectionPool.java:464) ~[tomcat-jdbc-8.0.30.jar:na]
	at org.apache.tomcat.jdbc.pool.ConnectionPool.<init>(ConnectionPool.java:141) ~[tomcat-jdbc-8.0.30.jar:na]
	at org.apache.tomcat.jdbc.pool.DataSourceProxy.pCreatePool(DataSourceProxy.java:115) ~[tomcat-jdbc-8.0.30.jar:na]
	at org.apache.tomcat.jdbc.pool.DataSourceProxy.createPool(DataSourceProxy.java:102) ~[tomcat-jdbc-8.0.30.jar:na]
	at org.apache.tomcat.jdbc.pool.DataSourceProxy.getConnection(DataSourceProxy.java:126) ~[tomcat-jdbc-8.0.30.jar:na]
	at liquibase.integration.spring.SpringLiquibase.afterPropertiesSet(SpringLiquibase.java:388) ~[liquibase-core-3.4.2.jar:na]
	... 20 common frames omitted

2017-10-19 09:37:43.067  INFO 7484 --- [main] .b.l.ClasspathLoggingApplicationListener : Application failed to start with classpath: [file:/C:/Users/A48249421/Downloads/eclipse-java-oxygen-1a-win32-x86_64/eclipse/jdk8/jre/lib/resources.jar, file:/C:/Users/A48249421/Downloads/eclipse-java-oxygen-1a-win32-x86_64/eclipse/jdk8/jre/lib/rt.jar, file:/C:/Users/A48249421/Downloads/eclipse-java-oxygen-1a-win32-x86_64/eclipse/jdk8/jre/lib/jsse.jar, file:/C:/Users/A48249421/Downloads/eclipse-java-oxygen-1a-win32-x86_64/eclipse/jdk8/jre/lib/jce.jar, file:/C:/Users/A48249421/Downloads/eclipse-java-oxygen-1a-win32-x86_64/eclipse/jdk8/jre/lib/charsets.jar, file:/C:/Users/A48249421/Downloads/eclipse-java-oxygen-1a-win32-x86_64/eclipse/jdk8/jre/lib/jfr.jar, file:/C:/Users/A48249421/Downloads/eclipse-java-oxygen-1a-win32-x86_64/eclipse/jdk8/jre/lib/ext/access-bridge-64.jar, file:/C:/Users/A48249421/Downloads/eclipse-java-oxygen-1a-win32-x86_64/eclipse/jdk8/jre/lib/ext/cldrdata.jar, file:/C:/Users/A48249421/Downloads/eclipse-java-oxygen-1a-win32-x86_64/eclipse/jdk8/jre/lib/ext/dnsns.jar, file:/C:/Users/A48249421/Downloads/eclipse-java-oxygen-1a-win32-x86_64/eclipse/jdk8/jre/lib/ext/jaccess.jar, file:/C:/Users/A48249421/Downloads/eclipse-java-oxygen-1a-win32-x86_64/eclipse/jdk8/jre/lib/ext/jfxrt.jar, file:/C:/Users/A48249421/Downloads/eclipse-java-oxygen-1a-win32-x86_64/eclipse/jdk8/jre/lib/ext/localedata.jar, file:/C:/Users/A48249421/Downloads/eclipse-java-oxygen-1a-win32-x86_64/eclipse/jdk8/jre/lib/ext/nashorn.jar, file:/C:/Users/A48249421/Downloads/eclipse-java-oxygen-1a-win32-x86_64/eclipse/jdk8/jre/lib/ext/sunec.jar, file:/C:/Users/A48249421/Downloads/eclipse-java-oxygen-1a-win32-x86_64/eclipse/jdk8/jre/lib/ext/sunjce_provider.jar, file:/C:/Users/A48249421/Downloads/eclipse-java-oxygen-1a-win32-x86_64/eclipse/jdk8/jre/lib/ext/sunmscapi.jar, file:/C:/Users/A48249421/Downloads/eclipse-java-oxygen-1a-win32-x86_64/eclipse/jdk8/jre/lib/ext/sunpkcs11.jar, file:/C:/Users/A48249421/Downloads/eclipse-java-oxygen-1a-win32-x86_64/eclipse/jdk8/jre/lib/ext/zipfs.jar, file:/C:/Users/A48249421/Downloads/PortableGit/scrum/2017-10-18-A/worblehat-web/target/classes/, file:/C:/Users/A48249421/.m2/repository/org/springframework/boot/spring-boot-starter-web/1.3.1.RELEASE/spring-boot-starter-web-1.3.1.RELEASE.jar, file:/C:/Users/A48249421/.m2/repository/org/springframework/boot/spring-boot-starter/1.3.1.RELEASE/spring-boot-starter-1.3.1.RELEASE.jar, file:/C:/Users/A48249421/.m2/repository/org/springframework/boot/spring-boot/1.3.1.RELEASE/spring-boot-1.3.1.RELEASE.jar, file:/C:/Users/A48249421/.m2/repository/org/springframework/boot/spring-boot-autoconfigure/1.3.1.RELEASE/spring-boot-autoconfigure-1.3.1.RELEASE.jar, file:/C:/Users/A48249421/.m2/repository/org/springframework/boot/spring-boot-starter-logging/1.3.1.RELEASE/spring-boot-starter-logging-1.3.1.RELEASE.jar, file:/C:/Users/A48249421/.m2/repository/ch/qos/logback/logback-classic/1.1.3/logback-classic-1.1.3.jar, file:/C:/Users/A48249421/.m2/repository/ch/qos/logback/logback-core/1.1.3/logback-core-1.1.3.jar, file:/C:/Users/A48249421/.m2/repository/org/slf4j/jcl-over-slf4j/1.7.13/jcl-over-slf4j-1.7.13.jar, file:/C:/Users/A48249421/.m2/repository/org/slf4j/jul-to-slf4j/1.7.13/jul-to-slf4j-1.7.13.jar, file:/C:/Users/A48249421/.m2/repository/org/slf4j/log4j-over-slf4j/1.7.13/log4j-over-slf4j-1.7.13.jar, file:/C:/Users/A48249421/.m2/repository/org/yaml/snakeyaml/1.16/snakeyaml-1.16.jar, file:/C:/Users/A48249421/.m2/repository/org/springframework/boot/spring-boot-starter-tomcat/1.3.1.RELEASE/spring-boot-starter-tomcat-1.3.1.RELEASE.jar, file:/C:/Users/A48249421/.m2/repository/org/apache/tomcat/embed/tomcat-embed-core/8.0.30/tomcat-embed-core-8.0.30.jar, file:/C:/Users/A48249421/.m2/repository/org/apache/tomcat/embed/tomcat-embed-el/8.0.30/tomcat-embed-el-8.0.30.jar, file:/C:/Users/A48249421/.m2/repository/org/apache/tomcat/embed/tomcat-embed-logging-juli/8.0.30/tomcat-embed-logging-juli-8.0.30.jar, file:/C:/Users/A48249421/.m2/repository/org/apache/tomcat/embed/tomcat-embed-websocket/8.0.30/tomcat-embed-websocket-8.0.30.jar, file:/C:/Users/A48249421/.m2/repository/org/springframework/boot/spring-boot-starter-validation/1.3.1.RELEASE/spring-boot-starter-validation-1.3.1.RELEASE.jar, file:/C:/Users/A48249421/.m2/repository/org/hibernate/hibernate-validator/5.1.3.Final/hibernate-validator-5.1.3.Final.jar, file:/C:/Users/A48249421/.m2/repository/org/jboss/logging/jboss-logging/3.3.0.Final/jboss-logging-3.3.0.Final.jar, file:/C:/Users/A48249421/.m2/repository/com/fasterxml/classmate/1.0.0/classmate-1.0.0.jar, file:/C:/Users/A48249421/.m2/repository/com/fasterxml/jackson/core/jackson-databind/2.6.4/jackson-databind-2.6.4.jar, file:/C:/Users/A48249421/.m2/repository/com/fasterxml/jackson/core/jackson-annotations/2.6.4/jackson-annotations-2.6.4.jar, file:/C:/Users/A48249421/.m2/repository/com/fasterxml/jackson/core/jackson-core/2.6.4/jackson-core-2.6.4.jar, file:/C:/Users/A48249421/.m2/repository/org/springframework/spring-web/4.2.4.RELEASE/spring-web-4.2.4.RELEASE.jar, file:/C:/Users/A48249421/.m2/repository/org/springframework/spring-aop/4.2.4.RELEASE/spring-aop-4.2.4.RELEASE.jar, file:/C:/Users/A48249421/.m2/repository/aopalliance/aopalliance/1.0/aopalliance-1.0.jar, file:/C:/Users/A48249421/.m2/repository/org/springframework/spring-beans/4.2.4.RELEASE/spring-beans-4.2.4.RELEASE.jar, file:/C:/Users/A48249421/.m2/repository/org/springframework/spring-context/4.2.4.RELEASE/spring-context-4.2.4.RELEASE.jar, file:/C:/Users/A48249421/.m2/repository/org/springframework/spring-webmvc/4.2.4.RELEASE/spring-webmvc-4.2.4.RELEASE.jar, file:/C:/Users/A48249421/.m2/repository/org/springframework/spring-expression/4.2.4.RELEASE/spring-expression-4.2.4.RELEASE.jar, file:/C:/Users/A48249421/.m2/repository/org/springframework/boot/spring-boot-starter-thymeleaf/1.3.1.RELEASE/spring-boot-starter-thymeleaf-1.3.1.RELEASE.jar, file:/C:/Users/A48249421/.m2/repository/org/thymeleaf/thymeleaf-spring4/2.1.4.RELEASE/thymeleaf-spring4-2.1.4.RELEASE.jar, file:/C:/Users/A48249421/.m2/repository/org/thymeleaf/thymeleaf/2.1.4.RELEASE/thymeleaf-2.1.4.RELEASE.jar, file:/C:/Users/A48249421/.m2/repository/ognl/ognl/3.0.8/ognl-3.0.8.jar, file:/C:/Users/A48249421/.m2/repository/org/javassist/javassist/3.18.1-GA/javassist-3.18.1-GA.jar, file:/C:/Users/A48249421/.m2/repository/org/unbescape/unbescape/1.1.0.RELEASE/unbescape-1.1.0.RELEASE.jar, file:/C:/Users/A48249421/.m2/repository/org/slf4j/slf4j-api/1.7.13/slf4j-api-1.7.13.jar, file:/C:/Users/A48249421/.m2/repository/nz/net/ultraq/thymeleaf/thymeleaf-layout-dialect/1.3.1/thymeleaf-layout-dialect-1.3.1.jar, file:/C:/Users/A48249421/.m2/repository/org/codehaus/groovy/groovy/2.4.4/groovy-2.4.4.jar, file:/C:/Users/A48249421/.m2/repository/org/springframework/spring-core/4.2.4.RELEASE/spring-core-4.2.4.RELEASE.jar, file:/C:/Users/A48249421/.m2/repository/mysql/mysql-connector-java/5.1.36/mysql-connector-java-5.1.36.jar, file:/C:/Users/A48249421/Downloads/PortableGit/scrum/2017-10-18-A/worblehat-domain/target/classes/, file:/C:/Users/A48249421/.m2/repository/org/springframework/boot/spring-boot-starter-data-jpa/1.3.1.RELEASE/spring-boot-starter-data-jpa-1.3.1.RELEASE.jar, file:/C:/Users/A48249421/.m2/repository/org/springframework/boot/spring-boot-starter-aop/1.3.1.RELEASE/spring-boot-starter-aop-1.3.1.RELEASE.jar, file:/C:/Users/A48249421/.m2/repository/org/aspectj/aspectjweaver/1.8.7/aspectjweaver-1.8.7.jar, file:/C:/Users/A48249421/.m2/repository/org/springframework/boot/spring-boot-starter-jdbc/1.3.1.RELEASE/spring-boot-starter-jdbc-1.3.1.RELEASE.jar, file:/C:/Users/A48249421/.m2/repository/org/apache/tomcat/tomcat-jdbc/8.0.30/tomcat-jdbc-8.0.30.jar, file:/C:/Users/A48249421/.m2/repository/org/apache/tomcat/tomcat-juli/8.0.30/tomcat-juli-8.0.30.jar, file:/C:/Users/A48249421/.m2/repository/org/springframework/spring-jdbc/4.2.4.RELEASE/spring-jdbc-4.2.4.RELEASE.jar, file:/C:/Users/A48249421/.m2/repository/org/hibernate/hibernate-entitymanager/4.3.11.Final/hibernate-entitymanager-4.3.11.Final.jar, file:/C:/Users/A48249421/.m2/repository/org/jboss/logging/jboss-logging-annotations/1.2.0.Beta1/jboss-logging-annotations-1.2.0.Beta1.jar, file:/C:/Users/A48249421/.m2/repository/org/hibernate/hibernate-core/4.3.11.Final/hibernate-core-4.3.11.Final.jar, file:/C:/Users/A48249421/.m2/repository/antlr/antlr/2.7.7/antlr-2.7.7.jar, file:/C:/Users/A48249421/.m2/repository/org/jboss/jandex/1.1.0.Final/jandex-1.1.0.Final.jar, file:/C:/Users/A48249421/.m2/repository/dom4j/dom4j/1.6.1/dom4j-1.6.1.jar, file:/C:/Users/A48249421/.m2/repository/xml-apis/xml-apis/1.0.b2/xml-apis-1.0.b2.jar, file:/C:/Users/A48249421/.m2/repository/org/hibernate/common/hibernate-commons-annotations/4.0.5.Final/hibernate-commons-annotations-4.0.5.Final.jar, file:/C:/Users/A48249421/.m2/repository/org/hibernate/javax/persistence/hibernate-jpa-2.1-api/1.0.0.Final/hibernate-jpa-2.1-api-1.0.0.Final.jar, file:/C:/Users/A48249421/.m2/repository/javax/transaction/javax.transaction-api/1.2/javax.transaction-api-1.2.jar, file:/C:/Users/A48249421/.m2/repository/org/springframework/data/spring-data-jpa/1.9.2.RELEASE/spring-data-jpa-1.9.2.RELEASE.jar, file:/C:/Users/A48249421/.m2/repository/org/springframework/data/spring-data-commons/1.11.2.RELEASE/spring-data-commons-1.11.2.RELEASE.jar, file:/C:/Users/A48249421/.m2/repository/org/springframework/spring-orm/4.2.4.RELEASE/spring-orm-4.2.4.RELEASE.jar, file:/C:/Users/A48249421/.m2/repository/org/springframework/spring-tx/4.2.4.RELEASE/spring-tx-4.2.4.RELEASE.jar, file:/C:/Users/A48249421/.m2/repository/org/springframework/spring-aspects/4.2.4.RELEASE/spring-aspects-4.2.4.RELEASE.jar, file:/C:/Users/A48249421/.m2/repository/log4j/log4j/1.2.17/log4j-1.2.17.jar, file:/C:/Users/A48249421/.m2/repository/org/liquibase/liquibase-maven-plugin/3.3.2/liquibase-maven-plugin-3.3.2.jar, file:/C:/Users/A48249421/.m2/repository/org/apache/maven/maven-plugin-api/2.0/maven-plugin-api-2.0.jar, file:/C:/Users/A48249421/.m2/repository/org/apache/maven/maven-project/2.0/maven-project-2.0.jar, file:/C:/Users/A48249421/.m2/repository/org/apache/maven/maven-profile/2.0/maven-profile-2.0.jar, file:/C:/Users/A48249421/.m2/repository/org/apache/maven/maven-model/2.0/maven-model-2.0.jar, file:/C:/Users/A48249421/.m2/repository/org/apache/maven/maven-artifact-manager/2.0/maven-artifact-manager-2.0.jar, file:/C:/Users/A48249421/.m2/repository/org/apache/maven/maven-repository-metadata/2.0/maven-repository-metadata-2.0.jar, file:/C:/Users/A48249421/.m2/repository/org/apache/maven/wagon/wagon-provider-api/1.0-alpha-5/wagon-provider-api-1.0-alpha-5.jar, file:/C:/Users/A48249421/.m2/repository/org/codehaus/plexus/plexus-utils/1.0.4/plexus-utils-1.0.4.jar, file:/C:/Users/A48249421/.m2/repository/org/apache/maven/maven-artifact/2.0/maven-artifact-2.0.jar, file:/C:/Users/A48249421/.m2/repository/org/codehaus/plexus/plexus-container-default/1.0-alpha-8/plexus-container-default-1.0-alpha-8.jar, file:/C:/Users/A48249421/.m2/repository/classworlds/classworlds/1.1-alpha-2/classworlds-1.1-alpha-2.jar, file:/C:/Users/A48249421/.m2/repository/org/liquibase/liquibase-core/3.4.2/liquibase-core-3.4.2.jar, file:/C:/Users/A48249421/.m2/repository/joda-time/joda-time/2.8.2/joda-time-2.8.2.jar, file:/C:/Users/A48249421/.m2/repository/commons-lang/commons-lang/2.6/commons-lang-2.6.jar, file:/C:/Users/A48249421/.m2/repository/commons-validator/commons-validator/1.4.1/commons-validator-1.4.1.jar, file:/C:/Users/A48249421/.m2/repository/commons-beanutils/commons-beanutils/1.9.2/commons-beanutils-1.9.2.jar, file:/C:/Users/A48249421/.m2/repository/commons-digester/commons-digester/2.1/commons-digester-2.1.jar, file:/C:/Users/A48249421/.m2/repository/commons-logging/commons-logging/1.2/commons-logging-1.2.jar, file:/C:/Users/A48249421/.m2/repository/javax/validation/validation-api/1.1.0.Final/validation-api-1.1.0.Final.jar]
